2020-09-23 11:52:22.364  INFO 28357 --- [SpringContextShutdownHook] o.s.s.concurrent.ThreadPoolTaskExecutor  : Shutting down ExecutorService 'applicationTaskExecutor'
2020-09-23 11:52:37.434  INFO 34394 --- [restartedMain] c.a.e.r.ReportingSystemApplication       : Starting ReportingSystemApplication on Shicais-MacBook-Air.local with PID 34394 (/Users/shicaifan/Desktop/reporting_system-master/target/classes started by shicaifan in /Users/shicaifan/Desktop/reporting_system-master)
2020-09-23 11:52:37.443  INFO 34394 --- [restartedMain] c.a.e.r.ReportingSystemApplication       : No active profile set, falling back to default profiles: default
2020-09-23 11:52:37.568  INFO 34394 --- [restartedMain] .e.DevToolsPropertyDefaultsPostProcessor : Devtools property defaults active! Set 'spring.devtools.add-properties' to 'false' to disable
2020-09-23 11:52:37.569  INFO 34394 --- [restartedMain] .e.DevToolsPropertyDefaultsPostProcessor : For additional web related logging consider setting the 'logging.level.web' property to 'DEBUG'
2020-09-23 11:52:40.879  INFO 34394 --- [restartedMain] o.s.b.w.embedded.tomcat.TomcatWebServer  : Tomcat initialized with port(s): 8080 (http)
2020-09-23 11:52:40.909  INFO 34394 --- [restartedMain] o.apache.catalina.core.StandardService   : Starting service [Tomcat]
2020-09-23 11:52:40.910  INFO 34394 --- [restartedMain] org.apache.catalina.core.StandardEngine  : Starting Servlet engine: [Apache Tomcat/9.0.37]
2020-09-23 11:52:41.149  INFO 34394 --- [restartedMain] o.a.c.c.C.[Tomcat].[localhost].[/]       : Initializing Spring embedded WebApplicationContext
2020-09-23 11:52:41.150  INFO 34394 --- [restartedMain] w.s.c.ServletWebServerApplicationContext : Root WebApplicationContext: initialization completed in 3581 ms
2020-09-23 11:52:41.911  INFO 34394 --- [restartedMain] pertySourcedRequestMappingHandlerMapping : Mapped URL path [/v2/api-docs] onto method [springfox.documentation.swagger2.web.Swagger2Controller#getDocumentation(String, HttpServletRequest)]
2020-09-23 11:52:42.042  INFO 34394 --- [restartedMain] o.s.s.concurrent.ThreadPoolTaskExecutor  : Initializing ExecutorService 'applicationTaskExecutor'
2020-09-23 11:52:42.121  INFO 34394 --- [restartedMain] o.s.b.d.a.OptionalLiveReloadServer       : LiveReload server is running on port 35729
2020-09-23 11:52:42.354  INFO 34394 --- [restartedMain] o.s.b.w.embedded.tomcat.TomcatWebServer  : Tomcat started on port(s): 8080 (http) with context path ''
2020-09-23 11:52:42.356  INFO 34394 --- [restartedMain] d.s.w.p.DocumentationPluginsBootstrapper : Context refreshed
2020-09-23 11:52:42.408  INFO 34394 --- [restartedMain] d.s.w.p.DocumentationPluginsBootstrapper : Found 1 custom documentation plugin(s)
2020-09-23 11:52:42.459  INFO 34394 --- [restartedMain] s.d.s.w.s.ApiListingReferenceScanner     : Scanning for api listing references
2020-09-23 11:52:42.738  INFO 34394 --- [restartedMain] c.a.e.r.ReportingSystemApplication       : Started ReportingSystemApplication in 6.577 seconds (JVM running for 9.041)
2020-09-23 11:53:25.846  INFO 34394 --- [http-nio-8080-exec-1] o.a.c.c.C.[Tomcat].[localhost].[/]       : Initializing Spring DispatcherServlet 'dispatcherServlet'
2020-09-23 11:53:25.852  INFO 34394 --- [http-nio-8080-exec-1] o.s.web.servlet.DispatcherServlet        : Initializing Servlet 'dispatcherServlet'
2020-09-23 11:53:25.883  INFO 34394 --- [http-nio-8080-exec-1] o.s.web.servlet.DispatcherServlet        : Completed initialization in 31 ms
2020-09-23 11:53:26.362  INFO 34394 --- [http-nio-8080-exec-1] c.a.e.r.s.CreateExcelDataServiceImpl     : Create Excel Headers Success
2020-09-23 11:53:26.364  INFO 34394 --- [http-nio-8080-exec-1] c.a.e.r.s.CreateExcelDataServiceImpl     : Create Excel Data Sheet Success
2020-09-23 11:53:26.390  INFO 34394 --- [http-nio-8080-exec-1] c.a.e.r.s.CreateExcelDataServiceImpl     : Create Excel Data Success
2020-09-23 11:53:26.391  INFO 34394 --- [http-nio-8080-exec-1] c.a.e.r.s.CreateExcelDataServiceImpl     : Save File to Repository Success
2020-09-23 11:53:42.762  INFO 34394 --- [http-nio-8080-exec-3] c.a.e.r.s.CreateExcelDataServiceImpl     : Create Excel Headers Success
2020-09-23 11:53:42.766  INFO 34394 --- [http-nio-8080-exec-3] c.a.e.r.s.CreateExcelDataServiceImpl     : Create Excel Data Sheet Success
2020-09-23 11:53:42.767  INFO 34394 --- [http-nio-8080-exec-3] c.a.e.r.s.CreateExcelDataServiceImpl     : Create Excel Data Success
2020-09-23 11:53:42.767  INFO 34394 --- [http-nio-8080-exec-3] c.a.e.r.s.CreateExcelDataServiceImpl     : Save File to Repository Success
2020-09-23 11:53:52.261  INFO 34394 --- [http-nio-8080-exec-4] c.a.e.r.s.CreateExcelDataServiceImpl     : Create Excel Headers Success
2020-09-23 11:53:52.262  INFO 34394 --- [http-nio-8080-exec-4] c.a.e.r.s.CreateExcelDataServiceImpl     : Create Excel Data Sheet Success
2020-09-23 11:53:52.263  INFO 34394 --- [http-nio-8080-exec-4] c.a.e.r.s.CreateExcelDataServiceImpl     : Create Excel Data Success
2020-09-23 11:53:52.263  INFO 34394 --- [http-nio-8080-exec-4] c.a.e.r.s.CreateExcelDataServiceImpl     : Save File to Repository Success
2020-09-23 11:59:16.592  INFO 34394 --- [SpringContextShutdownHook] o.s.s.concurrent.ThreadPoolTaskExecutor  : Shutting down ExecutorService 'applicationTaskExecutor'
2020-09-23 11:59:28.526  INFO 34663 --- [restartedMain] c.a.e.r.ReportingSystemApplication       : Starting ReportingSystemApplication on Shicais-MacBook-Air.local with PID 34663 (/Users/shicaifan/Desktop/reporting_system-master/target/classes started by shicaifan in /Users/shicaifan/Desktop/reporting_system-master)
2020-09-23 11:59:28.532  INFO 34663 --- [restartedMain] c.a.e.r.ReportingSystemApplication       : No active profile set, falling back to default profiles: default
2020-09-23 11:59:28.721  INFO 34663 --- [restartedMain] .e.DevToolsPropertyDefaultsPostProcessor : Devtools property defaults active! Set 'spring.devtools.add-properties' to 'false' to disable
2020-09-23 11:59:28.722  INFO 34663 --- [restartedMain] .e.DevToolsPropertyDefaultsPostProcessor : For additional web related logging consider setting the 'logging.level.web' property to 'DEBUG'
2020-09-23 11:59:32.145  INFO 34663 --- [restartedMain] o.s.b.w.embedded.tomcat.TomcatWebServer  : Tomcat initialized with port(s): 8080 (http)
2020-09-23 11:59:32.172  INFO 34663 --- [restartedMain] o.apache.catalina.core.StandardService   : Starting service [Tomcat]
2020-09-23 11:59:32.172  INFO 34663 --- [restartedMain] org.apache.catalina.core.StandardEngine  : Starting Servlet engine: [Apache Tomcat/9.0.37]
2020-09-23 11:59:32.311  INFO 34663 --- [restartedMain] o.a.c.c.C.[Tomcat].[localhost].[/]       : Initializing Spring embedded WebApplicationContext
2020-09-23 11:59:32.312  INFO 34663 --- [restartedMain] w.s.c.ServletWebServerApplicationContext : Root WebApplicationContext: initialization completed in 3590 ms
2020-09-23 11:59:33.215  INFO 34663 --- [restartedMain] pertySourcedRequestMappingHandlerMapping : Mapped URL path [/v2/api-docs] onto method [springfox.documentation.swagger2.web.Swagger2Controller#getDocumentation(String, HttpServletRequest)]
2020-09-23 11:59:33.388  INFO 34663 --- [restartedMain] o.s.s.concurrent.ThreadPoolTaskExecutor  : Initializing ExecutorService 'applicationTaskExecutor'
2020-09-23 11:59:33.492  INFO 34663 --- [restartedMain] o.s.b.d.a.OptionalLiveReloadServer       : LiveReload server is running on port 35729
2020-09-23 11:59:33.769  INFO 34663 --- [restartedMain] o.s.b.w.embedded.tomcat.TomcatWebServer  : Tomcat started on port(s): 8080 (http) with context path ''
2020-09-23 11:59:33.773  INFO 34663 --- [restartedMain] d.s.w.p.DocumentationPluginsBootstrapper : Context refreshed
2020-09-23 11:59:33.834  INFO 34663 --- [restartedMain] d.s.w.p.DocumentationPluginsBootstrapper : Found 1 custom documentation plugin(s)
2020-09-23 11:59:33.890  INFO 34663 --- [restartedMain] s.d.s.w.s.ApiListingReferenceScanner     : Scanning for api listing references
2020-09-23 11:59:34.437  INFO 34663 --- [restartedMain] c.a.e.r.ReportingSystemApplication       : Started ReportingSystemApplication in 6.914 seconds (JVM running for 9.309)
2020-09-23 12:00:01.237  INFO 34663 --- [http-nio-8080-exec-2] o.a.c.c.C.[Tomcat].[localhost].[/]       : Initializing Spring DispatcherServlet 'dispatcherServlet'
2020-09-23 12:00:01.240  INFO 34663 --- [http-nio-8080-exec-2] o.s.web.servlet.DispatcherServlet        : Initializing Servlet 'dispatcherServlet'
2020-09-23 12:00:01.272  INFO 34663 --- [http-nio-8080-exec-2] o.s.web.servlet.DispatcherServlet        : Completed initialization in 31 ms
2020-09-23 12:00:01.585  INFO 34663 --- [http-nio-8080-exec-2] c.a.e.r.s.CreateExcelDataServiceImpl     : Create Excel Headers Success
2020-09-23 12:00:01.587  INFO 34663 --- [http-nio-8080-exec-2] c.a.e.r.s.CreateExcelDataServiceImpl     : Create Excel Data Sheet Success
2020-09-23 12:00:01.607  INFO 34663 --- [http-nio-8080-exec-2] c.a.e.r.s.CreateExcelDataServiceImpl     : Create Excel Data Success
2020-09-23 12:00:01.609  INFO 34663 --- [http-nio-8080-exec-2] c.a.e.r.s.CreateExcelDataServiceImpl     : Save File to Repository Success
2020-09-23 12:00:14.838  INFO 34663 --- [http-nio-8080-exec-3] c.a.e.r.s.CreateExcelDataServiceImpl     : Create Excel Headers Success
2020-09-23 12:00:14.838  INFO 34663 --- [http-nio-8080-exec-3] c.a.e.r.s.CreateExcelDataServiceImpl     : Create Excel Data Sheet Success
2020-09-23 12:00:14.838  INFO 34663 --- [http-nio-8080-exec-3] c.a.e.r.s.CreateExcelDataServiceImpl     : Create Excel Data Success
2020-09-23 12:00:14.838  INFO 34663 --- [http-nio-8080-exec-3] c.a.e.r.s.CreateExcelDataServiceImpl     : Save File to Repository Success
2020-09-23 12:00:22.810  INFO 34663 --- [http-nio-8080-exec-4] c.a.e.r.s.CreateExcelDataServiceImpl     : Create Excel Headers Success
2020-09-23 12:00:22.811  INFO 34663 --- [http-nio-8080-exec-4] c.a.e.r.s.CreateExcelDataServiceImpl     : Create Excel Data Sheet Success
2020-09-23 12:00:22.811  INFO 34663 --- [http-nio-8080-exec-4] c.a.e.r.s.CreateExcelDataServiceImpl     : Create Excel Data Success
2020-09-23 12:00:22.811  INFO 34663 --- [http-nio-8080-exec-4] c.a.e.r.s.CreateExcelDataServiceImpl     : Save File to Repository Success
2020-09-23 12:05:48.561  INFO 34663 --- [SpringContextShutdownHook] o.s.s.concurrent.ThreadPoolTaskExecutor  : Shutting down ExecutorService 'applicationTaskExecutor'
2020-09-23 12:05:57.406  INFO 34910 --- [restartedMain] c.a.e.r.ReportingSystemApplication       : Starting ReportingSystemApplication on Shicais-MacBook-Air.local with PID 34910 (/Users/shicaifan/Desktop/reporting_system-master/target/classes started by shicaifan in /Users/shicaifan/Desktop/reporting_system-master)
2020-09-23 12:05:57.413  INFO 34910 --- [restartedMain] c.a.e.r.ReportingSystemApplication       : No active profile set, falling back to default profiles: default
2020-09-23 12:05:57.548  INFO 34910 --- [restartedMain] .e.DevToolsPropertyDefaultsPostProcessor : Devtools property defaults active! Set 'spring.devtools.add-properties' to 'false' to disable
2020-09-23 12:05:57.548  INFO 34910 --- [restartedMain] .e.DevToolsPropertyDefaultsPostProcessor : For additional web related logging consider setting the 'logging.level.web' property to 'DEBUG'
2020-09-23 12:06:00.103  INFO 34910 --- [restartedMain] o.s.b.w.embedded.tomcat.TomcatWebServer  : Tomcat initialized with port(s): 8080 (http)
2020-09-23 12:06:00.120  INFO 34910 --- [restartedMain] o.apache.catalina.core.StandardService   : Starting service [Tomcat]
2020-09-23 12:06:00.121  INFO 34910 --- [restartedMain] org.apache.catalina.core.StandardEngine  : Starting Servlet engine: [Apache Tomcat/9.0.37]
2020-09-23 12:06:00.232  INFO 34910 --- [restartedMain] o.a.c.c.C.[Tomcat].[localhost].[/]       : Initializing Spring embedded WebApplicationContext
2020-09-23 12:06:00.232  INFO 34910 --- [restartedMain] w.s.c.ServletWebServerApplicationContext : Root WebApplicationContext: initialization completed in 2683 ms
2020-09-23 12:06:00.777  INFO 34910 --- [restartedMain] pertySourcedRequestMappingHandlerMapping : Mapped URL path [/v2/api-docs] onto method [springfox.documentation.swagger2.web.Swagger2Controller#getDocumentation(String, HttpServletRequest)]
2020-09-23 12:06:00.894  INFO 34910 --- [restartedMain] o.s.s.concurrent.ThreadPoolTaskExecutor  : Initializing ExecutorService 'applicationTaskExecutor'
2020-09-23 12:06:00.954  INFO 34910 --- [restartedMain] o.s.b.d.a.OptionalLiveReloadServer       : LiveReload server is running on port 35729
2020-09-23 12:06:01.177  INFO 34910 --- [restartedMain] o.s.b.w.embedded.tomcat.TomcatWebServer  : Tomcat started on port(s): 8080 (http) with context path ''
2020-09-23 12:06:01.180  INFO 34910 --- [restartedMain] d.s.w.p.DocumentationPluginsBootstrapper : Context refreshed
2020-09-23 12:06:01.222  INFO 34910 --- [restartedMain] d.s.w.p.DocumentationPluginsBootstrapper : Found 1 custom documentation plugin(s)
2020-09-23 12:06:01.267  INFO 34910 --- [restartedMain] s.d.s.w.s.ApiListingReferenceScanner     : Scanning for api listing references
2020-09-23 12:06:01.499  INFO 34910 --- [restartedMain] c.a.e.r.ReportingSystemApplication       : Started ReportingSystemApplication in 5.0 seconds (JVM running for 6.966)
2020-09-23 12:06:28.468  INFO 34910 --- [http-nio-8080-exec-2] o.a.c.c.C.[Tomcat].[localhost].[/]       : Initializing Spring DispatcherServlet 'dispatcherServlet'
2020-09-23 12:06:28.471  INFO 34910 --- [http-nio-8080-exec-2] o.s.web.servlet.DispatcherServlet        : Initializing Servlet 'dispatcherServlet'
2020-09-23 12:06:28.499  INFO 34910 --- [http-nio-8080-exec-2] o.s.web.servlet.DispatcherServlet        : Completed initialization in 27 ms
2020-09-23 12:06:28.770  INFO 34910 --- [http-nio-8080-exec-2] c.a.e.r.s.CreateExcelDataServiceImpl     : Create Excel Headers Success
2020-09-23 12:06:28.771  INFO 34910 --- [http-nio-8080-exec-2] c.a.e.r.s.CreateExcelDataServiceImpl     : Create Excel Data Sheet Success
2020-09-23 12:06:28.788  INFO 34910 --- [http-nio-8080-exec-2] c.a.e.r.s.CreateExcelDataServiceImpl     : Create Excel Data Success
2020-09-23 12:06:28.788  INFO 34910 --- [http-nio-8080-exec-2] c.a.e.r.s.CreateExcelDataServiceImpl     : Save File to Repository Success
2020-09-23 12:06:36.800  INFO 34910 --- [http-nio-8080-exec-3] c.a.e.r.s.CreateExcelDataServiceImpl     : Create Excel Headers Success
2020-09-23 12:06:36.804  INFO 34910 --- [http-nio-8080-exec-3] c.a.e.r.s.CreateExcelDataServiceImpl     : Create Excel Data Sheet Success
2020-09-23 12:06:36.804  INFO 34910 --- [http-nio-8080-exec-3] c.a.e.r.s.CreateExcelDataServiceImpl     : Create Excel Data Success
2020-09-23 12:06:36.804  INFO 34910 --- [http-nio-8080-exec-3] c.a.e.r.s.CreateExcelDataServiceImpl     : Save File to Repository Success
2020-09-23 12:06:42.280  INFO 34910 --- [http-nio-8080-exec-4] c.a.e.r.s.CreateExcelDataServiceImpl     : Create Excel Headers Success
2020-09-23 12:06:42.281  INFO 34910 --- [http-nio-8080-exec-4] c.a.e.r.s.CreateExcelDataServiceImpl     : Create Excel Data Sheet Success
2020-09-23 12:06:42.281  INFO 34910 --- [http-nio-8080-exec-4] c.a.e.r.s.CreateExcelDataServiceImpl     : Create Excel Data Success
2020-09-23 12:06:42.281  INFO 34910 --- [http-nio-8080-exec-4] c.a.e.r.s.CreateExcelDataServiceImpl     : Save File to Repository Success
2020-09-23 12:08:49.562  INFO 34910 --- [SpringContextShutdownHook] o.s.s.concurrent.ThreadPoolTaskExecutor  : Shutting down ExecutorService 'applicationTaskExecutor'
2020-09-23 12:09:03.693  INFO 36715 --- [restartedMain] c.a.e.r.ReportingSystemApplication       : Starting ReportingSystemApplication on Shicais-MacBook-Air.local with PID 36715 (/Users/shicaifan/Desktop/reporting_system-master/target/classes started by shicaifan in /Users/shicaifan/Desktop/reporting_system-master)
2020-09-23 12:09:03.698  INFO 36715 --- [restartedMain] c.a.e.r.ReportingSystemApplication       : No active profile set, falling back to default profiles: default
2020-09-23 12:09:03.829  INFO 36715 --- [restartedMain] .e.DevToolsPropertyDefaultsPostProcessor : Devtools property defaults active! Set 'spring.devtools.add-properties' to 'false' to disable
2020-09-23 12:09:03.831  INFO 36715 --- [restartedMain] .e.DevToolsPropertyDefaultsPostProcessor : For additional web related logging consider setting the 'logging.level.web' property to 'DEBUG'
2020-09-23 12:09:07.357  INFO 36715 --- [restartedMain] o.s.b.w.embedded.tomcat.TomcatWebServer  : Tomcat initialized with port(s): 8080 (http)
2020-09-23 12:09:07.377  INFO 36715 --- [restartedMain] o.apache.catalina.core.StandardService   : Starting service [Tomcat]
2020-09-23 12:09:07.378  INFO 36715 --- [restartedMain] org.apache.catalina.core.StandardEngine  : Starting Servlet engine: [Apache Tomcat/9.0.37]
2020-09-23 12:09:07.574  INFO 36715 --- [restartedMain] o.a.c.c.C.[Tomcat].[localhost].[/]       : Initializing Spring embedded WebApplicationContext
2020-09-23 12:09:07.575  INFO 36715 --- [restartedMain] w.s.c.ServletWebServerApplicationContext : Root WebApplicationContext: initialization completed in 3742 ms
2020-09-23 12:09:08.539  INFO 36715 --- [restartedMain] pertySourcedRequestMappingHandlerMapping : Mapped URL path [/v2/api-docs] onto method [springfox.documentation.swagger2.web.Swagger2Controller#getDocumentation(String, HttpServletRequest)]
2020-09-23 12:09:08.835  INFO 36715 --- [restartedMain] o.s.s.concurrent.ThreadPoolTaskExecutor  : Initializing ExecutorService 'applicationTaskExecutor'
2020-09-23 12:09:08.909  INFO 36715 --- [restartedMain] o.s.b.d.a.OptionalLiveReloadServer       : LiveReload server is running on port 35729
2020-09-23 12:09:09.169  INFO 36715 --- [restartedMain] o.s.b.w.embedded.tomcat.TomcatWebServer  : Tomcat started on port(s): 8080 (http) with context path ''
2020-09-23 12:09:09.173  INFO 36715 --- [restartedMain] d.s.w.p.DocumentationPluginsBootstrapper : Context refreshed
2020-09-23 12:09:09.219  INFO 36715 --- [restartedMain] d.s.w.p.DocumentationPluginsBootstrapper : Found 1 custom documentation plugin(s)
2020-09-23 12:09:09.277  INFO 36715 --- [restartedMain] s.d.s.w.s.ApiListingReferenceScanner     : Scanning for api listing references
2020-09-23 12:09:09.556  INFO 36715 --- [restartedMain] c.a.e.r.ReportingSystemApplication       : Started ReportingSystemApplication in 6.941 seconds (JVM running for 11.42)
2020-09-23 12:09:16.249  INFO 36715 --- [http-nio-8080-exec-2] o.a.c.c.C.[Tomcat].[localhost].[/]       : Initializing Spring DispatcherServlet 'dispatcherServlet'
2020-09-23 12:09:16.253  INFO 36715 --- [http-nio-8080-exec-2] o.s.web.servlet.DispatcherServlet        : Initializing Servlet 'dispatcherServlet'
2020-09-23 12:09:16.275  INFO 36715 --- [http-nio-8080-exec-2] o.s.web.servlet.DispatcherServlet        : Completed initialization in 22 ms
2020-09-23 12:09:16.492  INFO 36715 --- [http-nio-8080-exec-2] .a.e.r.s.CreateMultiExcelDataServiceImpl : Create Excel Data Header Success
2020-09-23 12:09:16.495  INFO 36715 --- [http-nio-8080-exec-2] .a.e.r.s.CreateMultiExcelDataServiceImpl : Create Multiple Excel Data Sheets Success
2020-09-23 12:09:16.575  INFO 36715 --- [http-nio-8080-exec-2] .a.e.r.s.CreateMultiExcelDataServiceImpl : Create Excel Data Success
2020-09-23 12:09:16.576  INFO 36715 --- [http-nio-8080-exec-2] .a.e.r.s.CreateMultiExcelDataServiceImpl : Save File into Repository Successfully
2020-09-23 12:09:19.255 ERROR 36715 --- [http-nio-8080-exec-2] o.a.c.c.C.[.[.[/].[dispatcherServlet]    : Servlet.service() for servlet [dispatcherServlet] in context with path [] threw exception [Request processing failed; nested exception is java.lang.IllegalArgumentException: The workbook already contains a sheet named 'sheet'] with root cause

java.lang.IllegalArgumentException: The workbook already contains a sheet named 'sheet'
	at org.apache.poi.xssf.usermodel.XSSFWorkbook.validateSheetName(XSSFWorkbook.java:906) ~[poi-ooxml-4.1.0.jar:4.1.0]
	at org.apache.poi.xssf.usermodel.XSSFWorkbook.createSheet(XSSFWorkbook.java:859) ~[poi-ooxml-4.1.0.jar:4.1.0]
	at com.antra.evaluation.reporting_system.service.ExcelGenerationServiceImpl.generateExcelReport(ExcelGenerationServiceImpl.java:69) ~[classes/:na]
	at com.antra.evaluation.reporting_system.endpoint.ExcelGenerationController.createMultiSheetExcel(ExcelGenerationController.java:74) ~[classes/:na]
	at java.base/jdk.internal.reflect.NativeMethodAccessorImpl.invoke0(Native Method) ~[na:na]
	at java.base/jdk.internal.reflect.NativeMethodAccessorImpl.invoke(NativeMethodAccessorImpl.java:62) ~[na:na]
	at java.base/jdk.internal.reflect.DelegatingMethodAccessorImpl.invoke(DelegatingMethodAccessorImpl.java:43) ~[na:na]
	at java.base/java.lang.reflect.Method.invoke(Method.java:566) ~[na:na]
	at org.springframework.web.method.support.InvocableHandlerMethod.doInvoke(InvocableHandlerMethod.java:190) ~[spring-web-5.2.8.RELEASE.jar:5.2.8.RELEASE]
	at org.springframework.web.method.support.InvocableHandlerMethod.invokeForRequest(InvocableHandlerMethod.java:138) ~[spring-web-5.2.8.RELEASE.jar:5.2.8.RELEASE]
	at org.springframework.web.servlet.mvc.method.annotation.ServletInvocableHandlerMethod.invokeAndHandle(ServletInvocableHandlerMethod.java:105) ~[spring-webmvc-5.2.8.RELEASE.jar:5.2.8.RELEASE]
	at org.springframework.web.servlet.mvc.method.annotation.RequestMappingHandlerAdapter.invokeHandlerMethod(RequestMappingHandlerAdapter.java:878) ~[spring-webmvc-5.2.8.RELEASE.jar:5.2.8.RELEASE]
	at org.springframework.web.servlet.mvc.method.annotation.RequestMappingHandlerAdapter.handleInternal(RequestMappingHandlerAdapter.java:792) ~[spring-webmvc-5.2.8.RELEASE.jar:5.2.8.RELEASE]
	at org.springframework.web.servlet.mvc.method.AbstractHandlerMethodAdapter.handle(AbstractHandlerMethodAdapter.java:87) ~[spring-webmvc-5.2.8.RELEASE.jar:5.2.8.RELEASE]
	at org.springframework.web.servlet.DispatcherServlet.doDispatch(DispatcherServlet.java:1040) ~[spring-webmvc-5.2.8.RELEASE.jar:5.2.8.RELEASE]
	at org.springframework.web.servlet.DispatcherServlet.doService(DispatcherServlet.java:943) ~[spring-webmvc-5.2.8.RELEASE.jar:5.2.8.RELEASE]
	at org.springframework.web.servlet.FrameworkServlet.processRequest(FrameworkServlet.java:1006) ~[spring-webmvc-5.2.8.RELEASE.jar:5.2.8.RELEASE]
	at org.springframework.web.servlet.FrameworkServlet.doPost(FrameworkServlet.java:909) ~[spring-webmvc-5.2.8.RELEASE.jar:5.2.8.RELEASE]
	at javax.servlet.http.HttpServlet.service(HttpServlet.java:652) ~[tomcat-embed-core-9.0.37.jar:4.0.FR]
	at org.springframework.web.servlet.FrameworkServlet.service(FrameworkServlet.java:883) ~[spring-webmvc-5.2.8.RELEASE.jar:5.2.8.RELEASE]
	at javax.servlet.http.HttpServlet.service(HttpServlet.java:733) ~[tomcat-embed-core-9.0.37.jar:4.0.FR]
	at org.apache.catalina.core.ApplicationFilterChain.internalDoFilter(ApplicationFilterChain.java:231) ~[tomcat-embed-core-9.0.37.jar:9.0.37]
	at org.apache.catalina.core.ApplicationFilterChain.doFilter(ApplicationFilterChain.java:166) ~[tomcat-embed-core-9.0.37.jar:9.0.37]
	at org.apache.tomcat.websocket.server.WsFilter.doFilter(WsFilter.java:53) ~[tomcat-embed-websocket-9.0.37.jar:9.0.37]
	at org.apache.catalina.core.ApplicationFilterChain.internalDoFilter(ApplicationFilterChain.java:193) ~[tomcat-embed-core-9.0.37.jar:9.0.37]
	at org.apache.catalina.core.ApplicationFilterChain.doFilter(ApplicationFilterChain.java:166) ~[tomcat-embed-core-9.0.37.jar:9.0.37]
	at org.springframework.web.filter.RequestContextFilter.doFilterInternal(RequestContextFilter.java:100) ~[spring-web-5.2.8.RELEASE.jar:5.2.8.RELEASE]
	at org.springframework.web.filter.OncePerRequestFilter.doFilter(OncePerRequestFilter.java:119) ~[spring-web-5.2.8.RELEASE.jar:5.2.8.RELEASE]
	at org.apache.catalina.core.ApplicationFilterChain.internalDoFilter(ApplicationFilterChain.java:193) ~[tomcat-embed-core-9.0.37.jar:9.0.37]
	at org.apache.catalina.core.ApplicationFilterChain.doFilter(ApplicationFilterChain.java:166) ~[tomcat-embed-core-9.0.37.jar:9.0.37]
	at org.springframework.web.filter.FormContentFilter.doFilterInternal(FormContentFilter.java:93) ~[spring-web-5.2.8.RELEASE.jar:5.2.8.RELEASE]
	at org.springframework.web.filter.OncePerRequestFilter.doFilter(OncePerRequestFilter.java:119) ~[spring-web-5.2.8.RELEASE.jar:5.2.8.RELEASE]
	at org.apache.catalina.core.ApplicationFilterChain.internalDoFilter(ApplicationFilterChain.java:193) ~[tomcat-embed-core-9.0.37.jar:9.0.37]
	at org.apache.catalina.core.ApplicationFilterChain.doFilter(ApplicationFilterChain.java:166) ~[tomcat-embed-core-9.0.37.jar:9.0.37]
	at org.springframework.web.filter.CharacterEncodingFilter.doFilterInternal(CharacterEncodingFilter.java:201) ~[spring-web-5.2.8.RELEASE.jar:5.2.8.RELEASE]
	at org.springframework.web.filter.OncePerRequestFilter.doFilter(OncePerRequestFilter.java:119) ~[spring-web-5.2.8.RELEASE.jar:5.2.8.RELEASE]
	at org.apache.catalina.core.ApplicationFilterChain.internalDoFilter(ApplicationFilterChain.java:193) ~[tomcat-embed-core-9.0.37.jar:9.0.37]
	at org.apache.catalina.core.ApplicationFilterChain.doFilter(ApplicationFilterChain.java:166) ~[tomcat-embed-core-9.0.37.jar:9.0.37]
	at org.apache.catalina.core.StandardWrapperValve.invoke(StandardWrapperValve.java:202) ~[tomcat-embed-core-9.0.37.jar:9.0.37]
	at org.apache.catalina.core.StandardContextValve.invoke(StandardContextValve.java:96) ~[tomcat-embed-core-9.0.37.jar:9.0.37]
	at org.apache.catalina.authenticator.AuthenticatorBase.invoke(AuthenticatorBase.java:541) ~[tomcat-embed-core-9.0.37.jar:9.0.37]
	at org.apache.catalina.core.StandardHostValve.invoke(StandardHostValve.java:139) ~[tomcat-embed-core-9.0.37.jar:9.0.37]
	at org.apache.catalina.valves.ErrorReportValve.invoke(ErrorReportValve.java:92) ~[tomcat-embed-core-9.0.37.jar:9.0.37]
	at org.apache.catalina.core.StandardEngineValve.invoke(StandardEngineValve.java:74) ~[tomcat-embed-core-9.0.37.jar:9.0.37]
	at org.apache.catalina.connector.CoyoteAdapter.service(CoyoteAdapter.java:343) ~[tomcat-embed-core-9.0.37.jar:9.0.37]
	at org.apache.coyote.http11.Http11Processor.service(Http11Processor.java:373) ~[tomcat-embed-core-9.0.37.jar:9.0.37]
	at org.apache.coyote.AbstractProcessorLight.process(AbstractProcessorLight.java:65) ~[tomcat-embed-core-9.0.37.jar:9.0.37]
	at org.apache.coyote.AbstractProtocol$ConnectionHandler.process(AbstractProtocol.java:868) ~[tomcat-embed-core-9.0.37.jar:9.0.37]
	at org.apache.tomcat.util.net.NioEndpoint$SocketProcessor.doRun(NioEndpoint.java:1589) ~[tomcat-embed-core-9.0.37.jar:9.0.37]
	at org.apache.tomcat.util.net.SocketProcessorBase.run(SocketProcessorBase.java:49) ~[tomcat-embed-core-9.0.37.jar:9.0.37]
	at java.base/java.util.concurrent.ThreadPoolExecutor.runWorker(ThreadPoolExecutor.java:1128) ~[na:na]
	at java.base/java.util.concurrent.ThreadPoolExecutor$Worker.run(ThreadPoolExecutor.java:628) ~[na:na]
	at org.apache.tomcat.util.threads.TaskThread$WrappingRunnable.run(TaskThread.java:61) ~[tomcat-embed-core-9.0.37.jar:9.0.37]
	at java.base/java.lang.Thread.run(Thread.java:834) ~[na:na]

2020-09-23 12:10:15.975  INFO 36715 --- [SpringContextShutdownHook] o.s.s.concurrent.ThreadPoolTaskExecutor  : Shutting down ExecutorService 'applicationTaskExecutor'
2020-09-23 12:10:24.479  INFO 36761 --- [restartedMain] c.a.e.r.ReportingSystemApplication       : Starting ReportingSystemApplication on Shicais-MacBook-Air.local with PID 36761 (/Users/shicaifan/Desktop/reporting_system-master/target/classes started by shicaifan in /Users/shicaifan/Desktop/reporting_system-master)
2020-09-23 12:10:24.486  INFO 36761 --- [restartedMain] c.a.e.r.ReportingSystemApplication       : No active profile set, falling back to default profiles: default
2020-09-23 12:10:24.587  INFO 36761 --- [restartedMain] .e.DevToolsPropertyDefaultsPostProcessor : Devtools property defaults active! Set 'spring.devtools.add-properties' to 'false' to disable
2020-09-23 12:10:24.588  INFO 36761 --- [restartedMain] .e.DevToolsPropertyDefaultsPostProcessor : For additional web related logging consider setting the 'logging.level.web' property to 'DEBUG'
2020-09-23 12:10:27.046  INFO 36761 --- [restartedMain] o.s.b.w.embedded.tomcat.TomcatWebServer  : Tomcat initialized with port(s): 8080 (http)
2020-09-23 12:10:27.065  INFO 36761 --- [restartedMain] o.apache.catalina.core.StandardService   : Starting service [Tomcat]
2020-09-23 12:10:27.065  INFO 36761 --- [restartedMain] org.apache.catalina.core.StandardEngine  : Starting Servlet engine: [Apache Tomcat/9.0.37]
2020-09-23 12:10:27.196  INFO 36761 --- [restartedMain] o.a.c.c.C.[Tomcat].[localhost].[/]       : Initializing Spring embedded WebApplicationContext
2020-09-23 12:10:27.197  INFO 36761 --- [restartedMain] w.s.c.ServletWebServerApplicationContext : Root WebApplicationContext: initialization completed in 2609 ms
2020-09-23 12:10:27.791  INFO 36761 --- [restartedMain] pertySourcedRequestMappingHandlerMapping : Mapped URL path [/v2/api-docs] onto method [springfox.documentation.swagger2.web.Swagger2Controller#getDocumentation(String, HttpServletRequest)]
2020-09-23 12:10:27.915  INFO 36761 --- [restartedMain] o.s.s.concurrent.ThreadPoolTaskExecutor  : Initializing ExecutorService 'applicationTaskExecutor'
2020-09-23 12:10:27.973  INFO 36761 --- [restartedMain] o.s.b.d.a.OptionalLiveReloadServer       : LiveReload server is running on port 35729
2020-09-23 12:10:28.190  INFO 36761 --- [restartedMain] o.s.b.w.embedded.tomcat.TomcatWebServer  : Tomcat started on port(s): 8080 (http) with context path ''
2020-09-23 12:10:28.193  INFO 36761 --- [restartedMain] d.s.w.p.DocumentationPluginsBootstrapper : Context refreshed
2020-09-23 12:10:28.236  INFO 36761 --- [restartedMain] d.s.w.p.DocumentationPluginsBootstrapper : Found 1 custom documentation plugin(s)
2020-09-23 12:10:28.285  INFO 36761 --- [restartedMain] s.d.s.w.s.ApiListingReferenceScanner     : Scanning for api listing references
2020-09-23 12:10:28.496  INFO 36761 --- [restartedMain] c.a.e.r.ReportingSystemApplication       : Started ReportingSystemApplication in 4.802 seconds (JVM running for 6.438)
2020-09-23 12:12:54.572  INFO 36761 --- [http-nio-8080-exec-2] o.a.c.c.C.[Tomcat].[localhost].[/]       : Initializing Spring DispatcherServlet 'dispatcherServlet'
2020-09-23 12:12:54.582  INFO 36761 --- [http-nio-8080-exec-2] o.s.web.servlet.DispatcherServlet        : Initializing Servlet 'dispatcherServlet'
2020-09-23 12:12:54.614  INFO 36761 --- [http-nio-8080-exec-2] o.s.web.servlet.DispatcherServlet        : Completed initialization in 30 ms
2020-09-23 12:12:54.966  INFO 36761 --- [http-nio-8080-exec-2] .a.e.r.s.CreateMultiExcelDataServiceImpl : Create Excel Data Header Success
2020-09-23 12:12:54.976  INFO 36761 --- [http-nio-8080-exec-2] .a.e.r.s.CreateMultiExcelDataServiceImpl : Create Multiple Excel Data Sheets Success
2020-09-23 12:12:54.995  INFO 36761 --- [http-nio-8080-exec-2] .a.e.r.s.CreateMultiExcelDataServiceImpl : Create Excel Data Success
2020-09-23 12:12:54.996  INFO 36761 --- [http-nio-8080-exec-2] .a.e.r.s.CreateMultiExcelDataServiceImpl : Save File into Repository Successfully
2020-09-23 12:12:58.310 ERROR 36761 --- [http-nio-8080-exec-2] o.a.c.c.C.[.[.[/].[dispatcherServlet]    : Servlet.service() for servlet [dispatcherServlet] in context with path [] threw exception [Request processing failed; nested exception is java.lang.IllegalArgumentException: The workbook already contains a sheet named 'sheet1'] with root cause

java.lang.IllegalArgumentException: The workbook already contains a sheet named 'sheet1'
	at org.apache.poi.xssf.usermodel.XSSFWorkbook.validateSheetName(XSSFWorkbook.java:906) ~[poi-ooxml-4.1.0.jar:4.1.0]
	at org.apache.poi.xssf.usermodel.XSSFWorkbook.createSheet(XSSFWorkbook.java:859) ~[poi-ooxml-4.1.0.jar:4.1.0]
	at com.antra.evaluation.reporting_system.service.ExcelGenerationServiceImpl.generateExcelReport(ExcelGenerationServiceImpl.java:69) ~[classes/:na]
	at com.antra.evaluation.reporting_system.endpoint.ExcelGenerationController.createMultiSheetExcel(ExcelGenerationController.java:74) ~[classes/:na]
	at java.base/jdk.internal.reflect.NativeMethodAccessorImpl.invoke0(Native Method) ~[na:na]
	at java.base/jdk.internal.reflect.NativeMethodAccessorImpl.invoke(NativeMethodAccessorImpl.java:62) ~[na:na]
	at java.base/jdk.internal.reflect.DelegatingMethodAccessorImpl.invoke(DelegatingMethodAccessorImpl.java:43) ~[na:na]
	at java.base/java.lang.reflect.Method.invoke(Method.java:566) ~[na:na]
	at org.springframework.web.method.support.InvocableHandlerMethod.doInvoke(InvocableHandlerMethod.java:190) ~[spring-web-5.2.8.RELEASE.jar:5.2.8.RELEASE]
	at org.springframework.web.method.support.InvocableHandlerMethod.invokeForRequest(InvocableHandlerMethod.java:138) ~[spring-web-5.2.8.RELEASE.jar:5.2.8.RELEASE]
	at org.springframework.web.servlet.mvc.method.annotation.ServletInvocableHandlerMethod.invokeAndHandle(ServletInvocableHandlerMethod.java:105) ~[spring-webmvc-5.2.8.RELEASE.jar:5.2.8.RELEASE]
	at org.springframework.web.servlet.mvc.method.annotation.RequestMappingHandlerAdapter.invokeHandlerMethod(RequestMappingHandlerAdapter.java:878) ~[spring-webmvc-5.2.8.RELEASE.jar:5.2.8.RELEASE]
	at org.springframework.web.servlet.mvc.method.annotation.RequestMappingHandlerAdapter.handleInternal(RequestMappingHandlerAdapter.java:792) ~[spring-webmvc-5.2.8.RELEASE.jar:5.2.8.RELEASE]
	at org.springframework.web.servlet.mvc.method.AbstractHandlerMethodAdapter.handle(AbstractHandlerMethodAdapter.java:87) ~[spring-webmvc-5.2.8.RELEASE.jar:5.2.8.RELEASE]
	at org.springframework.web.servlet.DispatcherServlet.doDispatch(DispatcherServlet.java:1040) ~[spring-webmvc-5.2.8.RELEASE.jar:5.2.8.RELEASE]
	at org.springframework.web.servlet.DispatcherServlet.doService(DispatcherServlet.java:943) ~[spring-webmvc-5.2.8.RELEASE.jar:5.2.8.RELEASE]
	at org.springframework.web.servlet.FrameworkServlet.processRequest(FrameworkServlet.java:1006) ~[spring-webmvc-5.2.8.RELEASE.jar:5.2.8.RELEASE]
	at org.springframework.web.servlet.FrameworkServlet.doPost(FrameworkServlet.java:909) ~[spring-webmvc-5.2.8.RELEASE.jar:5.2.8.RELEASE]
	at javax.servlet.http.HttpServlet.service(HttpServlet.java:652) ~[tomcat-embed-core-9.0.37.jar:4.0.FR]
	at org.springframework.web.servlet.FrameworkServlet.service(FrameworkServlet.java:883) ~[spring-webmvc-5.2.8.RELEASE.jar:5.2.8.RELEASE]
	at javax.servlet.http.HttpServlet.service(HttpServlet.java:733) ~[tomcat-embed-core-9.0.37.jar:4.0.FR]
	at org.apache.catalina.core.ApplicationFilterChain.internalDoFilter(ApplicationFilterChain.java:231) ~[tomcat-embed-core-9.0.37.jar:9.0.37]
	at org.apache.catalina.core.ApplicationFilterChain.doFilter(ApplicationFilterChain.java:166) ~[tomcat-embed-core-9.0.37.jar:9.0.37]
	at org.apache.tomcat.websocket.server.WsFilter.doFilter(WsFilter.java:53) ~[tomcat-embed-websocket-9.0.37.jar:9.0.37]
	at org.apache.catalina.core.ApplicationFilterChain.internalDoFilter(ApplicationFilterChain.java:193) ~[tomcat-embed-core-9.0.37.jar:9.0.37]
	at org.apache.catalina.core.ApplicationFilterChain.doFilter(ApplicationFilterChain.java:166) ~[tomcat-embed-core-9.0.37.jar:9.0.37]
	at org.springframework.web.filter.RequestContextFilter.doFilterInternal(RequestContextFilter.java:100) ~[spring-web-5.2.8.RELEASE.jar:5.2.8.RELEASE]
	at org.springframework.web.filter.OncePerRequestFilter.doFilter(OncePerRequestFilter.java:119) ~[spring-web-5.2.8.RELEASE.jar:5.2.8.RELEASE]
	at org.apache.catalina.core.ApplicationFilterChain.internalDoFilter(ApplicationFilterChain.java:193) ~[tomcat-embed-core-9.0.37.jar:9.0.37]
	at org.apache.catalina.core.ApplicationFilterChain.doFilter(ApplicationFilterChain.java:166) ~[tomcat-embed-core-9.0.37.jar:9.0.37]
	at org.springframework.web.filter.FormContentFilter.doFilterInternal(FormContentFilter.java:93) ~[spring-web-5.2.8.RELEASE.jar:5.2.8.RELEASE]
	at org.springframework.web.filter.OncePerRequestFilter.doFilter(OncePerRequestFilter.java:119) ~[spring-web-5.2.8.RELEASE.jar:5.2.8.RELEASE]
	at org.apache.catalina.core.ApplicationFilterChain.internalDoFilter(ApplicationFilterChain.java:193) ~[tomcat-embed-core-9.0.37.jar:9.0.37]
	at org.apache.catalina.core.ApplicationFilterChain.doFilter(ApplicationFilterChain.java:166) ~[tomcat-embed-core-9.0.37.jar:9.0.37]
	at org.springframework.web.filter.CharacterEncodingFilter.doFilterInternal(CharacterEncodingFilter.java:201) ~[spring-web-5.2.8.RELEASE.jar:5.2.8.RELEASE]
	at org.springframework.web.filter.OncePerRequestFilter.doFilter(OncePerRequestFilter.java:119) ~[spring-web-5.2.8.RELEASE.jar:5.2.8.RELEASE]
	at org.apache.catalina.core.ApplicationFilterChain.internalDoFilter(ApplicationFilterChain.java:193) ~[tomcat-embed-core-9.0.37.jar:9.0.37]
	at org.apache.catalina.core.ApplicationFilterChain.doFilter(ApplicationFilterChain.java:166) ~[tomcat-embed-core-9.0.37.jar:9.0.37]
	at org.apache.catalina.core.StandardWrapperValve.invoke(StandardWrapperValve.java:202) ~[tomcat-embed-core-9.0.37.jar:9.0.37]
	at org.apache.catalina.core.StandardContextValve.invoke(StandardContextValve.java:96) ~[tomcat-embed-core-9.0.37.jar:9.0.37]
	at org.apache.catalina.authenticator.AuthenticatorBase.invoke(AuthenticatorBase.java:541) ~[tomcat-embed-core-9.0.37.jar:9.0.37]
	at org.apache.catalina.core.StandardHostValve.invoke(StandardHostValve.java:139) ~[tomcat-embed-core-9.0.37.jar:9.0.37]
	at org.apache.catalina.valves.ErrorReportValve.invoke(ErrorReportValve.java:92) ~[tomcat-embed-core-9.0.37.jar:9.0.37]
	at org.apache.catalina.core.StandardEngineValve.invoke(StandardEngineValve.java:74) ~[tomcat-embed-core-9.0.37.jar:9.0.37]
	at org.apache.catalina.connector.CoyoteAdapter.service(CoyoteAdapter.java:343) ~[tomcat-embed-core-9.0.37.jar:9.0.37]
	at org.apache.coyote.http11.Http11Processor.service(Http11Processor.java:373) ~[tomcat-embed-core-9.0.37.jar:9.0.37]
	at org.apache.coyote.AbstractProcessorLight.process(AbstractProcessorLight.java:65) ~[tomcat-embed-core-9.0.37.jar:9.0.37]
	at org.apache.coyote.AbstractProtocol$ConnectionHandler.process(AbstractProtocol.java:868) ~[tomcat-embed-core-9.0.37.jar:9.0.37]
	at org.apache.tomcat.util.net.NioEndpoint$SocketProcessor.doRun(NioEndpoint.java:1589) ~[tomcat-embed-core-9.0.37.jar:9.0.37]
	at org.apache.tomcat.util.net.SocketProcessorBase.run(SocketProcessorBase.java:49) ~[tomcat-embed-core-9.0.37.jar:9.0.37]
	at java.base/java.util.concurrent.ThreadPoolExecutor.runWorker(ThreadPoolExecutor.java:1128) ~[na:na]
	at java.base/java.util.concurrent.ThreadPoolExecutor$Worker.run(ThreadPoolExecutor.java:628) ~[na:na]
	at org.apache.tomcat.util.threads.TaskThread$WrappingRunnable.run(TaskThread.java:61) ~[tomcat-embed-core-9.0.37.jar:9.0.37]
	at java.base/java.lang.Thread.run(Thread.java:834) ~[na:na]

2020-09-23 12:17:22.684  INFO 36761 --- [SpringContextShutdownHook] o.s.s.concurrent.ThreadPoolTaskExecutor  : Shutting down ExecutorService 'applicationTaskExecutor'
2020-09-23 12:17:33.031  INFO 36958 --- [restartedMain] c.a.e.r.ReportingSystemApplication       : Starting ReportingSystemApplication on Shicais-MacBook-Air.local with PID 36958 (/Users/shicaifan/Desktop/reporting_system-master/target/classes started by shicaifan in /Users/shicaifan/Desktop/reporting_system-master)
2020-09-23 12:17:33.035  INFO 36958 --- [restartedMain] c.a.e.r.ReportingSystemApplication       : No active profile set, falling back to default profiles: default
2020-09-23 12:17:33.202  INFO 36958 --- [restartedMain] .e.DevToolsPropertyDefaultsPostProcessor : Devtools property defaults active! Set 'spring.devtools.add-properties' to 'false' to disable
2020-09-23 12:17:33.202  INFO 36958 --- [restartedMain] .e.DevToolsPropertyDefaultsPostProcessor : For additional web related logging consider setting the 'logging.level.web' property to 'DEBUG'
2020-09-23 12:17:35.421  INFO 36958 --- [restartedMain] o.s.b.w.embedded.tomcat.TomcatWebServer  : Tomcat initialized with port(s): 8080 (http)
2020-09-23 12:17:35.440  INFO 36958 --- [restartedMain] o.apache.catalina.core.StandardService   : Starting service [Tomcat]
2020-09-23 12:17:35.441  INFO 36958 --- [restartedMain] org.apache.catalina.core.StandardEngine  : Starting Servlet engine: [Apache Tomcat/9.0.37]
2020-09-23 12:17:35.609  INFO 36958 --- [restartedMain] o.a.c.c.C.[Tomcat].[localhost].[/]       : Initializing Spring embedded WebApplicationContext
2020-09-23 12:17:35.610  INFO 36958 --- [restartedMain] w.s.c.ServletWebServerApplicationContext : Root WebApplicationContext: initialization completed in 2407 ms
2020-09-23 12:17:36.250  INFO 36958 --- [restartedMain] pertySourcedRequestMappingHandlerMapping : Mapped URL path [/v2/api-docs] onto method [springfox.documentation.swagger2.web.Swagger2Controller#getDocumentation(String, HttpServletRequest)]
2020-09-23 12:17:36.403  INFO 36958 --- [restartedMain] o.s.s.concurrent.ThreadPoolTaskExecutor  : Initializing ExecutorService 'applicationTaskExecutor'
2020-09-23 12:17:36.481  INFO 36958 --- [restartedMain] o.s.b.d.a.OptionalLiveReloadServer       : LiveReload server is running on port 35729
2020-09-23 12:17:36.721  INFO 36958 --- [restartedMain] o.s.b.w.embedded.tomcat.TomcatWebServer  : Tomcat started on port(s): 8080 (http) with context path ''
2020-09-23 12:17:36.724  INFO 36958 --- [restartedMain] d.s.w.p.DocumentationPluginsBootstrapper : Context refreshed
2020-09-23 12:17:36.778  INFO 36958 --- [restartedMain] d.s.w.p.DocumentationPluginsBootstrapper : Found 1 custom documentation plugin(s)
2020-09-23 12:17:36.866  INFO 36958 --- [restartedMain] s.d.s.w.s.ApiListingReferenceScanner     : Scanning for api listing references
2020-09-23 12:17:37.093  INFO 36958 --- [restartedMain] c.a.e.r.ReportingSystemApplication       : Started ReportingSystemApplication in 5.583 seconds (JVM running for 7.83)
2020-09-23 12:18:04.159  INFO 36958 --- [http-nio-8080-exec-1] o.a.c.c.C.[Tomcat].[localhost].[/]       : Initializing Spring DispatcherServlet 'dispatcherServlet'
2020-09-23 12:18:04.161  INFO 36958 --- [http-nio-8080-exec-1] o.s.web.servlet.DispatcherServlet        : Initializing Servlet 'dispatcherServlet'
2020-09-23 12:18:04.186  INFO 36958 --- [http-nio-8080-exec-1] o.s.web.servlet.DispatcherServlet        : Completed initialization in 24 ms
2020-09-23 12:18:04.612  INFO 36958 --- [http-nio-8080-exec-1] .a.e.r.s.CreateMultiExcelDataServiceImpl : Create Excel Data Header Success
2020-09-23 12:18:04.625  INFO 36958 --- [http-nio-8080-exec-1] .a.e.r.s.CreateMultiExcelDataServiceImpl : Create Multiple Excel Data Sheets Success
2020-09-23 12:18:04.644  INFO 36958 --- [http-nio-8080-exec-1] .a.e.r.s.CreateMultiExcelDataServiceImpl : Create Excel Data Success
2020-09-23 12:18:04.644  INFO 36958 --- [http-nio-8080-exec-1] .a.e.r.s.CreateMultiExcelDataServiceImpl : Save File into Repository Successfully
2020-09-23 12:19:10.291  INFO 37018 --- [main] c.a.e.r.ReportingSystemApplicationTests  : Starting ReportingSystemApplicationTests on Shicais-MacBook-Air.local with PID 37018 (started by shicaifan in /Users/shicaifan/Desktop/reporting_system-master)
2020-09-23 12:19:10.307  INFO 37018 --- [main] c.a.e.r.ReportingSystemApplicationTests  : No active profile set, falling back to default profiles: default
2020-09-23 12:19:14.046  INFO 37018 --- [main] o.s.b.w.embedded.tomcat.TomcatWebServer  : Tomcat initialized with port(s): 0 (http)
2020-09-23 12:19:14.077  INFO 37018 --- [main] o.apache.catalina.core.StandardService   : Starting service [Tomcat]
2020-09-23 12:19:14.078  INFO 37018 --- [main] org.apache.catalina.core.StandardEngine  : Starting Servlet engine: [Apache Tomcat/9.0.37]
2020-09-23 12:19:14.324  INFO 37018 --- [main] o.a.c.c.C.[Tomcat].[localhost].[/]       : Initializing Spring embedded WebApplicationContext
2020-09-23 12:19:14.325  INFO 37018 --- [main] w.s.c.ServletWebServerApplicationContext : Root WebApplicationContext: initialization completed in 3433 ms
2020-09-23 12:19:15.945  INFO 37018 --- [main] pertySourcedRequestMappingHandlerMapping : Mapped URL path [/v2/api-docs] onto method [springfox.documentation.swagger2.web.Swagger2Controller#getDocumentation(String, HttpServletRequest)]
2020-09-23 12:19:16.253  INFO 37018 --- [main] o.s.s.concurrent.ThreadPoolTaskExecutor  : Initializing ExecutorService 'applicationTaskExecutor'
2020-09-23 12:19:17.459  INFO 37018 --- [main] o.s.b.w.embedded.tomcat.TomcatWebServer  : Tomcat started on port(s): 63068 (http) with context path ''
2020-09-23 12:19:17.461  INFO 37018 --- [main] d.s.w.p.DocumentationPluginsBootstrapper : Context refreshed
2020-09-23 12:19:17.545  INFO 37018 --- [main] d.s.w.p.DocumentationPluginsBootstrapper : Found 1 custom documentation plugin(s)
2020-09-23 12:19:17.620  INFO 37018 --- [main] s.d.s.w.s.ApiListingReferenceScanner     : Scanning for api listing references
2020-09-23 12:19:17.956  INFO 37018 --- [main] c.a.e.r.ReportingSystemApplicationTests  : Started ReportingSystemApplicationTests in 8.964 seconds (JVM running for 14.88)
2020-09-23 12:19:18.818  INFO 37018 --- [main] .a.e.r.s.CreateMultiExcelDataServiceImpl : Create Excel Data Header Success
2020-09-23 12:19:18.828  INFO 37018 --- [main] .a.e.r.s.CreateMultiExcelDataServiceImpl : Create Multiple Excel Data Sheets Success
2020-09-23 12:19:18.832  INFO 37018 --- [main] .a.e.r.s.CreateMultiExcelDataServiceImpl : Create Excel Data Success
2020-09-23 12:19:18.833  INFO 37018 --- [main] .a.e.r.s.CreateMultiExcelDataServiceImpl : Save File into Repository Successfully
2020-09-23 12:19:18.909  INFO 37018 --- [main] c.a.e.r.s.CreateExcelDataServiceImpl     : Create Excel Headers Success
2020-09-23 12:19:18.912  INFO 37018 --- [main] c.a.e.r.s.CreateExcelDataServiceImpl     : Create Excel Data Sheet Success
2020-09-23 12:19:18.913  INFO 37018 --- [main] c.a.e.r.s.CreateExcelDataServiceImpl     : Create Excel Data Success
2020-09-23 12:19:18.913  INFO 37018 --- [main] c.a.e.r.s.CreateExcelDataServiceImpl     : Save File to Repository Success
2020-09-23 12:19:24.252  INFO 37018 --- [SpringContextShutdownHook] o.s.s.concurrent.ThreadPoolTaskExecutor  : Shutting down ExecutorService 'applicationTaskExecutor'
